2024-07-27 17:24:22,499 - LogAnalysisInterpreter - INFO - Executed: load(logs.log);
2024-07-27 17:24:22,499 - LogAnalysisInterpreter - INFO - Result: ('Loaded 16 entries from logs.log',)
2024-07-27 17:24:22,500 - LogAnalysisInterpreter - INFO - Executed: all_errors = search(ERROR, logs.log);
2024-07-27 17:24:22,500 - LogAnalysisInterpreter - INFO - Result: ('Assigned to variable all_errors',)
2024-07-27 17:24:22,501 - LogAnalysisInterpreter - INFO - Executed: export(from=all_errors, to=error_logs.log);
2024-07-27 17:24:22,501 - LogAnalysisInterpreter - INFO - Result: ('all_errors exported succesfully to error_logs.log',)
2024-07-27 17:24:22,504 - LogAnalysisInterpreter - INFO - Executed: recent_logs = filter_by_date('2024-07-20', '2024-07-25', logs.log);
2024-07-27 17:24:22,504 - LogAnalysisInterpreter - INFO - Result: ('Assigned to variable recent_logs',)
2024-07-27 17:24:22,507 - LogAnalysisInterpreter - INFO - Executed: summarize(recent_logs);
2024-07-27 17:24:22,507 - LogAnalysisInterpreter - INFO - Result: ('{\n  "total_entries": 7,\n  "date_range": {\n    "start_date": "2024-07-22 00:00:00",\n    "end_date": "2024-07-25 00:00:00"\n  },\n  "level_counts": {\n    "INFO": 4,\n    "ERROR": 0,\n    "DEBUG": 2,\n    "WARN": 1\n  },\n  "common_messages": [\n    [\n      "Application started\\n",\n      1\n    ],\n    [\n      "Initializing database connection\\n",\n      1\n    ],\n    [\n      "Database connection established successfully\\n",\n      1\n    ],\n    [\n      "User \'jsmith\' logged in\\n",\n      1\n    ],\n    [\n      "Processing request: GET /api/users\\n",\n      1\n    ]\n  ]\n}',)
2024-07-27 17:24:22,507 - LogAnalysisInterpreter - INFO - Executed: info_logs = search(INFO, recent_logs);
2024-07-27 17:24:22,508 - LogAnalysisInterpreter - INFO - Result: ('Assigned to variable info_logs',)
2024-07-27 17:24:22,508 - LogAnalysisInterpreter - INFO - Executed: export(from=info_logs, to=info_logs.log);
2024-07-27 17:24:22,508 - LogAnalysisInterpreter - INFO - Result: ('info_logs exported succesfully to info_logs.log',)
2024-07-27 17:24:22,509 - LogAnalysisInterpreter - INFO - Executed: count_by_level(logs.log);
2024-07-27 17:24:22,509 - LogAnalysisInterpreter - INFO - Result: ({'INFO': 10, 'ERROR': 1, 'DEBUG': 4, 'WARN': 1},)2024-07-27 17:42:43,545 - LogAnalysisInterpreter - INFO - Executed: load(logs.log);
2024-07-27 17:42:43,546 - LogAnalysisInterpreter - INFO - Result: ('Loaded 16 entries from logs.log',)
2024-07-27 17:42:43,546 - LogAnalysisInterpreter - INFO - Executed: all_errors = search(ERROR, logs.log);
2024-07-27 17:42:43,546 - LogAnalysisInterpreter - INFO - Result: ('Assigned to variable all_errors',)
2024-07-27 17:42:43,547 - LogAnalysisInterpreter - INFO - Executed: export(from=all_errors, to=error_logs.log);
2024-07-27 17:42:43,547 - LogAnalysisInterpreter - INFO - Result: ('all_errors exported succesfully to error_logs.log',)
2024-07-27 17:42:43,550 - LogAnalysisInterpreter - INFO - Executed: recent_logs = filter_by_date('2024-07-20', '2024-07-25', logs.log);
2024-07-27 17:42:43,550 - LogAnalysisInterpreter - INFO - Result: ('Assigned to variable recent_logs',)
2024-07-27 17:42:43,553 - LogAnalysisInterpreter - INFO - Executed: summarize(recent_logs);
2024-07-27 17:42:43,553 - LogAnalysisInterpreter - INFO - Result: ('{\n  "total_entries": 7,\n  "date_range": {\n    "start_date": "2024-07-22 00:00:00",\n    "end_date": "2024-07-25 00:00:00"\n  },\n  "level_counts": {\n    "INFO": 4,\n    "ERROR": 0,\n    "DEBUG": 2,\n    "WARN": 1\n  },\n  "common_messages": [\n    [\n      "Application started\\n",\n      1\n    ],\n    [\n      "Initializing database connection\\n",\n      1\n    ],\n    [\n      "Database connection established successfully\\n",\n      1\n    ],\n    [\n      "User \'jsmith\' logged in\\n",\n      1\n    ],\n    [\n      "Processing request: GET /api/users\\n",\n      1\n    ]\n  ]\n}',)
2024-07-27 17:42:43,553 - LogAnalysisInterpreter - INFO - Executed: info_logs = search(INFO, recent_logs);
2024-07-27 17:42:43,553 - LogAnalysisInterpreter - INFO - Result: ('Assigned to variable info_logs',)
2024-07-27 17:42:43,554 - LogAnalysisInterpreter - INFO - Executed: export(from=info_logs, to=info_logs.log);
2024-07-27 17:42:43,554 - LogAnalysisInterpreter - INFO - Result: ('info_logs exported succesfully to info_logs.log',)
2024-07-27 17:42:43,554 - LogAnalysisInterpreter - INFO - Executed: count_by_level(logs.log);
2024-07-27 17:42:43,554 - LogAnalysisInterpreter - INFO - Result: ({'INFO': 10, 'ERROR': 1, 'DEBUG': 4, 'WARN': 1},)
2024-07-27 17:44:28,069 - LogAnalysisInterpreter - INFO - Executed: load(logs.log);
2024-07-27 17:44:28,069 - LogAnalysisInterpreter - INFO - Result: ('Loaded 16 entries from logs.log',)
2024-07-27 17:44:28,070 - LogAnalysisInterpreter - INFO - Executed: all_errors = search(ERROR, logs.log);
2024-07-27 17:44:28,070 - LogAnalysisInterpreter - INFO - Result: ('Assigned to variable all_errors',)
2024-07-27 17:44:28,071 - LogAnalysisInterpreter - INFO - Executed: export(from=all_errors, to=error_logs.log);
2024-07-27 17:44:28,072 - LogAnalysisInterpreter - INFO - Result: ('all_errors exported succesfully to exports\\error_logs.log',)
2024-07-27 17:44:28,074 - LogAnalysisInterpreter - INFO - Executed: recent_logs = filter_by_date('2024-07-20', '2024-07-25', logs.log);
2024-07-27 17:44:28,075 - LogAnalysisInterpreter - INFO - Result: ('Assigned to variable recent_logs',)
2024-07-27 17:44:28,077 - LogAnalysisInterpreter - INFO - Executed: summarize(recent_logs);
2024-07-27 17:44:28,078 - LogAnalysisInterpreter - INFO - Result: ('{\n  "total_entries": 7,\n  "date_range": {\n    "start_date": "2024-07-22 00:00:00",\n    "end_date": "2024-07-25 00:00:00"\n  },\n  "level_counts": {\n    "INFO": 4,\n    "ERROR": 0,\n    "DEBUG": 2,\n    "WARN": 1\n  },\n  "common_messages": [\n    [\n      "Application started\\n",\n      1\n    ],\n    [\n      "Initializing database connection\\n",\n      1\n    ],\n    [\n      "Database connection established successfully\\n",\n      1\n    ],\n    [\n      "User \'jsmith\' logged in\\n",\n      1\n    ],\n    [\n      "Processing request: GET /api/users\\n",\n      1\n    ]\n  ]\n}',)
2024-07-27 17:44:28,078 - LogAnalysisInterpreter - INFO - Executed: info_logs = search(INFO, recent_logs);
2024-07-27 17:44:28,079 - LogAnalysisInterpreter - INFO - Result: ('Assigned to variable info_logs',)
2024-07-27 17:44:28,080 - LogAnalysisInterpreter - INFO - Executed: export(from=info_logs, to=info_logs.log);
2024-07-27 17:44:28,080 - LogAnalysisInterpreter - INFO - Result: ('info_logs exported succesfully to exports\\info_logs.log',)
2024-07-27 17:44:28,081 - LogAnalysisInterpreter - INFO - Executed: count_by_level(logs.log);
2024-07-27 17:44:28,081 - LogAnalysisInterpreter - INFO - Result: ({'INFO': 10, 'ERROR': 1, 'DEBUG': 4, 'WARN': 1},)
